\BOOKMARK [1][-]{section.1}{\376\377\000E\000x\000e\000c\000u\000t\000i\000v\000e\000\040\000S\000u\000m\000m\000a\000r\000y}{}% 1
\BOOKMARK [1][-]{section.2}{\376\377\000M\000u\000l\000t\000i\000p\000l\000e\000\040\000M\000y\000e\000l\000o\000m\000a\000\040\000\046\000\040\000P\000r\000o\000t\000e\000a\000s\000o\000m\000e\000\040\000B\000i\000o\000l\000o\000g\000y}{}% 2
\BOOKMARK [2][-]{subsection.2.1}{\376\377\000M\000u\000l\000t\000i\000p\000l\000e\000\040\000M\000y\000e\000l\000o\000m\000a\000\040\000P\000a\000t\000h\000o\000p\000h\000y\000s\000i\000o\000l\000o\000g\000y}{section.2}% 3
\BOOKMARK [2][-]{subsection.2.2}{\376\377\000T\000h\000e\000\040\000P\000r\000o\000t\000e\000a\000s\000o\000m\000e\000\040\000S\000y\000s\000t\000e\000m}{section.2}% 4
\BOOKMARK [2][-]{subsection.2.3}{\376\377\000C\000u\000r\000r\000e\000n\000t\000\040\000M\000M\000\040\000T\000h\000e\000r\000a\000p\000e\000u\000t\000i\000c\000\040\000L\000a\000n\000d\000s\000c\000a\000p\000e}{section.2}% 5
\BOOKMARK [1][-]{section.3}{\376\377\000H\000u\000m\000a\000n\000\040\0002\0000\000S\000\040\000P\000r\000o\000t\000e\000a\000s\000o\000m\000e\000\040\000S\000t\000r\000u\000c\000t\000u\000r\000e}{}% 6
\BOOKMARK [2][-]{subsection.3.1}{\376\377\000O\000v\000e\000r\000a\000l\000l\000\040\000A\000r\000c\000h\000i\000t\000e\000c\000t\000u\000r\000e}{section.3}% 7
\BOOKMARK [2][-]{subsection.3.2}{\376\377\000C\000r\000y\000s\000t\000a\000l\000\040\000S\000t\000r\000u\000c\000t\000u\000r\000e\000\040\000P\000r\000o\000p\000e\000r\000t\000i\000e\000s}{section.3}% 8
\BOOKMARK [2][-]{subsection.3.3}{\376\377\000P\000r\000o\000t\000e\000a\000s\000o\000m\000e\000\040\000S\000u\000b\000u\000n\000i\000t\000\040\000C\000o\000m\000p\000o\000s\000i\000t\000i\000o\000n}{section.3}% 9
\BOOKMARK [2][-]{subsection.3.4}{\376\377\000M\000o\000l\000e\000c\000u\000l\000a\000r\000\040\000S\000t\000r\000u\000c\000t\000u\000r\000e\000\040\000V\000i\000s\000u\000a\000l\000i\000z\000a\000t\000i\000o\000n}{section.3}% 10
\BOOKMARK [1][-]{section.4}{\376\377\000B\000o\000r\000t\000e\000z\000o\000m\000i\000b\000\040\000B\000i\000n\000d\000i\000n\000g\000\040\000M\000e\000c\000h\000a\000n\000i\000s\000m}{}% 11
\BOOKMARK [2][-]{subsection.4.1}{\376\377\000M\000o\000l\000e\000c\000u\000l\000a\000r\000\040\000R\000e\000c\000o\000g\000n\000i\000t\000i\000o\000n\000\040\000a\000n\000d\000\040\000B\000i\000n\000d\000i\000n\000g}{section.4}% 12
\BOOKMARK [2][-]{subsection.4.2}{\376\377\000A\000c\000t\000i\000v\000e\000\040\000S\000i\000t\000e\000\040\000A\000r\000c\000h\000i\000t\000e\000c\000t\000u\000r\000e}{section.4}% 13
\BOOKMARK [1][-]{section.5}{\376\377\000D\000r\000u\000g\000\040\000R\000e\000s\000i\000s\000t\000a\000n\000c\000e\000\040\000A\000n\000a\000l\000y\000s\000i\000s}{}% 14
\BOOKMARK [2][-]{subsection.5.1}{\376\377\000C\000l\000i\000n\000i\000c\000a\000l\000\040\000R\000e\000s\000i\000s\000t\000a\000n\000c\000e\000\040\000P\000a\000t\000t\000e\000r\000n\000s}{section.5}% 15
\BOOKMARK [2][-]{subsection.5.2}{\376\377\000M\000u\000t\000a\000t\000i\000o\000n\000\040\000A\000n\000a\000l\000y\000s\000i\000s}{section.5}% 16
\BOOKMARK [2][-]{subsection.5.3}{\376\377\000R\000e\000s\000i\000s\000t\000a\000n\000c\000e\000\040\000M\000e\000c\000h\000a\000n\000i\000s\000m\000s\000\040\000D\000e\000t\000a\000i\000l}{section.5}% 17
\BOOKMARK [1][-]{section.6}{\376\377\000M\000u\000t\000a\000t\000i\000o\000n\000\040\000A\000n\000a\000l\000y\000s\000i\000s}{}% 18
\BOOKMARK [1][-]{section.7}{\376\377\000T\000h\000e\000r\000a\000p\000e\000u\000t\000i\000c\000\040\000C\000o\000m\000p\000o\000u\000n\000d\000s\000\040\000A\000n\000a\000l\000y\000s\000i\000s}{}% 19
\BOOKMARK [2][-]{subsection.7.1}{\376\377\000B\000o\000r\000t\000e\000z\000o\000m\000i\000b\000\040\000\050\000V\000e\000l\000c\000a\000d\000e\000\256\000\051}{section.7}% 20
\BOOKMARK [3][-]{subsubsection.7.1.1}{\376\377\000D\000r\000u\000g\000\040\000P\000r\000o\000p\000e\000r\000t\000i\000e\000s}{subsection.7.1}% 21
\BOOKMARK [3][-]{subsubsection.7.1.2}{\376\377\000C\000l\000i\000n\000i\000c\000a\000l\000\040\000E\000f\000f\000i\000c\000a\000c\000y}{subsection.7.1}% 22
\BOOKMARK [3][-]{subsubsection.7.1.3}{\376\377\000P\000h\000a\000r\000m\000a\000c\000o\000k\000i\000n\000e\000t\000i\000c\000s}{subsection.7.1}% 23
\BOOKMARK [2][-]{subsection.7.2}{\376\377\000N\000e\000x\000t\000-\000G\000e\000n\000e\000r\000a\000t\000i\000o\000n\000\040\000P\000r\000o\000t\000e\000a\000s\000o\000m\000e\000\040\000I\000n\000h\000i\000b\000i\000t\000o\000r\000s}{section.7}% 24
\BOOKMARK [2][-]{subsection.7.3}{\376\377\000C\000o\000m\000p\000a\000r\000i\000s\000o\000n\000\040\000w\000i\000t\000h\000\040\000R\000e\000l\000a\000t\000e\000d\000\040\000S\000t\000r\000u\000c\000t\000u\000r\000e\000s}{section.7}% 25
\BOOKMARK [1][-]{section.8}{\376\377\000S\000t\000r\000u\000c\000t\000u\000r\000e\000-\000A\000c\000t\000i\000v\000i\000t\000y\000\040\000R\000e\000l\000a\000t\000i\000o\000n\000s\000h\000i\000p\000s\000\040\000\050\000S\000A\000R\000\051}{}% 26
\BOOKMARK [2][-]{subsection.8.1}{\376\377\000B\000o\000r\000o\000n\000i\000c\000\040\000A\000c\000i\000d\000\040\000P\000h\000a\000r\000m\000a\000c\000o\000p\000h\000o\000r\000e}{section.8}% 27
\BOOKMARK [2][-]{subsection.8.2}{\376\377\000P\000e\000p\000t\000i\000d\000e\000\040\000R\000e\000c\000o\000g\000n\000i\000t\000i\000o\000n\000\040\000E\000l\000e\000m\000e\000n\000t\000s}{section.8}% 28
\BOOKMARK [2][-]{subsection.8.3}{\376\377\000D\000e\000s\000i\000g\000n\000\040\000P\000r\000i\000n\000c\000i\000p\000l\000e\000s\000\040\000f\000o\000r\000\040\000N\000e\000x\000t\000-\000G\000e\000n\000e\000r\000a\000t\000i\000o\000n\000\040\000I\000n\000h\000i\000b\000i\000t\000o\000r\000s}{section.8}% 29
\BOOKMARK [1][-]{section.9}{\376\377\000P\000h\000a\000r\000m\000a\000c\000o\000k\000i\000n\000e\000t\000i\000c\000\040\000\046\000\040\000S\000a\000f\000e\000t\000y\000\040\000P\000r\000o\000f\000i\000l\000e}{}% 30
\BOOKMARK [2][-]{subsection.9.1}{\376\377\000A\000D\000M\000E\000T\000\040\000P\000r\000o\000p\000e\000r\000t\000i\000e\000s}{section.9}% 31
\BOOKMARK [2][-]{subsection.9.2}{\376\377\000A\000d\000v\000e\000r\000s\000e\000\040\000E\000v\000e\000n\000t\000\040\000P\000r\000o\000f\000i\000l\000e}{section.9}% 32
\BOOKMARK [2][-]{subsection.9.3}{\376\377\000D\000o\000s\000e\000\040\000O\000p\000t\000i\000m\000i\000z\000a\000t\000i\000o\000n\000\040\000S\000t\000r\000a\000t\000e\000g\000i\000e\000s}{section.9}% 33
\BOOKMARK [1][-]{section.10}{\376\377\000C\000l\000i\000n\000i\000c\000a\000l\000\040\000I\000m\000p\000l\000i\000c\000a\000t\000i\000o\000n\000s}{}% 34
\BOOKMARK [2][-]{subsection.10.1}{\376\377\000C\000u\000r\000r\000e\000n\000t\000\040\000T\000r\000e\000a\000t\000m\000e\000n\000t\000\040\000P\000a\000r\000a\000d\000i\000g\000m\000s}{section.10}% 35
\BOOKMARK [3][-]{subsubsection.10.1.1}{\376\377\000N\000e\000w\000l\000y\000\040\000D\000i\000a\000g\000n\000o\000s\000e\000d\000\040\000M\000u\000l\000t\000i\000p\000l\000e\000\040\000M\000y\000e\000l\000o\000m\000a}{subsection.10.1}% 36
\BOOKMARK [3][-]{subsubsection.10.1.2}{\376\377\000R\000e\000l\000a\000p\000s\000e\000d\000/\000R\000e\000f\000r\000a\000c\000t\000o\000r\000y\000\040\000M\000u\000l\000t\000i\000p\000l\000e\000\040\000M\000y\000e\000l\000o\000m\000a}{subsection.10.1}% 37
\BOOKMARK [2][-]{subsection.10.2}{\376\377\000B\000i\000o\000m\000a\000r\000k\000e\000r\000-\000G\000u\000i\000d\000e\000d\000\040\000T\000h\000e\000r\000a\000p\000y}{section.10}% 38
\BOOKMARK [3][-]{subsubsection.10.2.1}{\376\377\000P\000r\000o\000g\000n\000o\000s\000t\000i\000c\000\040\000B\000i\000o\000m\000a\000r\000k\000e\000r\000s}{subsection.10.2}% 39
\BOOKMARK [3][-]{subsubsection.10.2.2}{\376\377\000P\000r\000e\000d\000i\000c\000t\000i\000v\000e\000\040\000B\000i\000o\000m\000a\000r\000k\000e\000r\000s}{subsection.10.2}% 40
\BOOKMARK [2][-]{subsection.10.3}{\376\377\000C\000o\000m\000b\000i\000n\000a\000t\000i\000o\000n\000\040\000T\000h\000e\000r\000a\000p\000y\000\040\000S\000t\000r\000a\000t\000e\000g\000i\000e\000s}{section.10}% 41
\BOOKMARK [3][-]{subsubsection.10.3.1}{\376\377\000S\000y\000n\000e\000r\000g\000i\000s\000t\000i\000c\000\040\000M\000e\000c\000h\000a\000n\000i\000s\000m\000s}{subsection.10.3}% 42
\BOOKMARK [3][-]{subsubsection.10.3.2}{\376\377\000E\000m\000e\000r\000g\000i\000n\000g\000\040\000C\000o\000m\000b\000i\000n\000a\000t\000i\000o\000n\000\040\000A\000p\000p\000r\000o\000a\000c\000h\000e\000s}{subsection.10.3}% 43
\BOOKMARK [2][-]{subsection.10.4}{\376\377\000R\000e\000s\000i\000s\000t\000a\000n\000c\000e\000\040\000M\000a\000n\000a\000g\000e\000m\000e\000n\000t}{section.10}% 44
\BOOKMARK [3][-]{subsubsection.10.4.1}{\376\377\000S\000e\000q\000u\000e\000n\000t\000i\000a\000l\000\040\000T\000h\000e\000r\000a\000p\000y\000\040\000A\000p\000p\000r\000o\000a\000c\000h}{subsection.10.4}% 45
\BOOKMARK [3][-]{subsubsection.10.4.2}{\376\377\000M\000e\000c\000h\000a\000n\000i\000s\000m\000-\000B\000a\000s\000e\000d\000\040\000S\000e\000l\000e\000c\000t\000i\000o\000n}{subsection.10.4}% 46
\BOOKMARK [2][-]{subsection.10.5}{\376\377\000F\000u\000t\000u\000r\000e\000\040\000T\000h\000e\000r\000a\000p\000e\000u\000t\000i\000c\000\040\000D\000i\000r\000e\000c\000t\000i\000o\000n\000s}{section.10}% 47
\BOOKMARK [3][-]{subsubsection.10.5.1}{\376\377\000N\000e\000x\000t\000-\000G\000e\000n\000e\000r\000a\000t\000i\000o\000n\000\040\000P\000r\000o\000t\000e\000a\000s\000o\000m\000e\000\040\000I\000n\000h\000i\000b\000i\000t\000o\000r\000s}{subsection.10.5}% 48
\BOOKMARK [3][-]{subsubsection.10.5.2}{\376\377\000P\000r\000e\000c\000i\000s\000i\000o\000n\000\040\000M\000e\000d\000i\000c\000i\000n\000e\000\040\000A\000p\000p\000r\000o\000a\000c\000h\000e\000s}{subsection.10.5}% 49
\BOOKMARK [3][-]{subsubsection.10.5.3}{\376\377\000C\000o\000m\000b\000i\000n\000a\000t\000i\000o\000n\000\040\000I\000n\000n\000o\000v\000a\000t\000i\000o\000n}{subsection.10.5}% 50
\BOOKMARK [1][-]{section.11}{\376\377\000C\000o\000m\000p\000u\000t\000a\000t\000i\000o\000n\000a\000l\000\040\000A\000n\000a\000l\000y\000s\000i\000s\000\040\000\046\000\040\000Q\000u\000a\000l\000i\000t\000y\000\040\000A\000s\000s\000e\000s\000s\000m\000e\000n\000t}{}% 51
\BOOKMARK [1][-]{section.12}{\376\377\000F\000u\000t\000u\000r\000e\000\040\000R\000e\000s\000e\000a\000r\000c\000h\000\040\000D\000i\000r\000e\000c\000t\000i\000o\000n\000s}{}% 52
\BOOKMARK [2][-]{subsection.12.1}{\376\377\000S\000t\000r\000u\000c\000t\000u\000r\000a\000l\000\040\000B\000i\000o\000l\000o\000g\000y\000\040\000P\000r\000i\000o\000r\000i\000t\000i\000e\000s}{section.12}% 53
\BOOKMARK [2][-]{subsection.12.2}{\376\377\000D\000r\000u\000g\000\040\000D\000i\000s\000c\000o\000v\000e\000r\000y\000\040\000A\000p\000p\000l\000i\000c\000a\000t\000i\000o\000n\000s}{section.12}% 54
\BOOKMARK [2][-]{subsection.12.3}{\376\377\000C\000l\000i\000n\000i\000c\000a\000l\000\040\000T\000r\000a\000n\000s\000l\000a\000t\000i\000o\000n}{section.12}% 55
\BOOKMARK [1][-]{section.13}{\376\377\000C\000o\000n\000c\000l\000u\000s\000i\000o\000n\000s}{}% 56
\BOOKMARK [2][-]{subsection.13.1}{\376\377\000K\000e\000y\000\040\000S\000c\000i\000e\000n\000t\000i\000f\000i\000c\000\040\000F\000i\000n\000d\000i\000n\000g\000s}{section.13}% 57
\BOOKMARK [2][-]{subsection.13.2}{\376\377\000C\000l\000i\000n\000i\000c\000a\000l\000\040\000I\000m\000p\000l\000i\000c\000a\000t\000i\000o\000n\000s}{section.13}% 58
\BOOKMARK [2][-]{subsection.13.3}{\376\377\000F\000u\000t\000u\000r\000e\000\040\000O\000p\000p\000o\000r\000t\000u\000n\000i\000t\000i\000e\000s}{section.13}% 59
\BOOKMARK [1][-]{section.14}{\376\377\000S\000u\000p\000p\000l\000e\000m\000e\000n\000t\000a\000r\000y\000\040\000I\000n\000f\000o\000r\000m\000a\000t\000i\000o\000n}{}% 60
\BOOKMARK [2][-]{subsection.14.1}{\376\377\000D\000a\000t\000a\000\040\000A\000v\000a\000i\000l\000a\000b\000i\000l\000i\000t\000y}{section.14}% 61
\BOOKMARK [2][-]{subsection.14.2}{\376\377\000S\000o\000f\000t\000w\000a\000r\000e\000\040\000a\000n\000d\000\040\000T\000o\000o\000l\000s}{section.14}% 62
\BOOKMARK [1][-]{section.15}{\376\377\000R\000e\000f\000e\000r\000e\000n\000c\000e\000s}{}% 63
\BOOKMARK [1][-]{appendix.A}{\376\377\000T\000e\000c\000h\000n\000i\000c\000a\000l\000\040\000S\000p\000e\000c\000i\000f\000i\000c\000a\000t\000i\000o\000n\000s}{}% 64
\BOOKMARK [2][-]{subsection.A.1}{\376\377\000C\000o\000m\000p\000u\000t\000a\000t\000i\000o\000n\000a\000l\000\040\000E\000n\000v\000i\000r\000o\000n\000m\000e\000n\000t}{appendix.A}% 65
\BOOKMARK [2][-]{subsection.A.2}{\376\377\000A\000n\000a\000l\000y\000s\000i\000s\000\040\000P\000a\000r\000a\000m\000e\000t\000e\000r\000s}{appendix.A}% 66
\BOOKMARK [2][-]{subsection.A.3}{\376\377\000F\000i\000l\000e\000\040\000F\000o\000r\000m\000a\000t\000s}{appendix.A}% 67
\BOOKMARK [1][-]{appendix.B}{\376\377\000M\000u\000t\000a\000t\000i\000o\000n\000\040\000D\000a\000t\000a\000b\000a\000s\000e\000\040\000C\000r\000o\000s\000s\000-\000R\000e\000f\000e\000r\000e\000n\000c\000e}{}% 68
\BOOKMARK [2][-]{subsection.B.1}{\376\377\000C\000O\000S\000M\000I\000C\000\040\000D\000a\000t\000a\000b\000a\000s\000e\000\040\000I\000n\000t\000e\000g\000r\000a\000t\000i\000o\000n}{appendix.B}% 69
\BOOKMARK [2][-]{subsection.B.2}{\376\377\000C\000l\000i\000n\000V\000a\000r\000\040\000I\000n\000t\000e\000g\000r\000a\000t\000i\000o\000n}{appendix.B}% 70
\BOOKMARK [2][-]{subsection.B.3}{\376\377\000P\000h\000a\000r\000m\000G\000K\000B\000\040\000I\000n\000t\000e\000g\000r\000a\000t\000i\000o\000n}{appendix.B}% 71
